FAIL ./hiker.test.js
  fizzbuzz
    ✓ to get first (3 ms)
    ✕ to get Fizz (2 ms)
    ✓ to get Buzz

  ● fizzbuzz › to get Fizz

    expect(received).toEqual(expected) // deep equality

    Expected: "Fizz"
    Received: "FizzBuzz"

      17 |   });
      18 |   it('to get Fizz', () => {
    > 19 |     expect(fizzBuzzArray[2]).toEqual(fizzBuzzArrayDump[2]);
         |                              ^
      20 |   });
      21 |   it('to get Buzz', () => {
      22 |     expect(fizzBuzzArray[4]).toEqual(fizzBuzzArrayDump[3]);

      at Object.<anonymous> (hiker.test.js:19:30)

Test Suites: 1 failed, 1 total
Tests:       1 failed, 2 passed, 3 total
Snapshots:   0 total
Time:        1.466 s
Ran all test suites.
npm ERR! code ELIFECYCLE
npm ERR! errno 1
npm ERR! @ test: `jest --coverage`
npm ERR! Exit status 1
npm ERR! 
npm ERR! Failed at the @ test script.
npm ERR! This is probably not a problem with npm. There is likely additional logging output above.

npm ERR! A complete log of this run can be found in:
npm ERR!     /home/sandbox/.npm/_logs/2022-08-26T09_35_41_829Z-debug.log
